<?xml version="1.0" encoding="UTF-8"?>
<!-- Generated by org.testng.reporters.JUnitXMLReporter -->
<testsuite ignored="0" hostname="DESKTOP-OPH57PF" failures="0" tests="4" name="ChromeTest" time="35.825" errors="0" timestamp="2022-07-23T22:04:42 IST">
  <testcase classname="testCases.Login" name="invalidUsernameandPassword" time="4.904"/>
  <testcase classname="testCases.Login" name="validatewithoutusernameorpassword" time="2.947"/>
  <testcase classname="testCases.Login" name="validatewithjustusername" time="2.757"/>
  <testcase classname="testCases.Login" name="validatewithjustpassword" time="2.182"/>
</testsuite> <!-- ChromeTest -->
