<?xml version="1.0" encoding="UTF-8"?>
<!-- Generated by org.testng.reporters.JUnitXMLReporter -->
<testsuite ignored="0" hostname="DESKTOP-OPH57PF" failures="0" tests="4" name="EdgeTest" time="60.661" errors="0" timestamp="2022-07-23T13:06:45 IST">
  <testcase classname="testCases.Login" name="invalidUsernameandPassword" time="1.002"/>
  <testcase classname="testCases.Login" name="validatewithoutusernameorpassword" time="44.746"/>
  <testcase classname="testCases.Login" name="validatewithjustusername" time="2.734"/>
  <testcase classname="testCases.Login" name="validatewithjustpassword" time="2.592"/>
</testsuite> <!-- EdgeTest -->
